{"e:\\CSC DevOps\\TestGeneration\\test.js":{"path":"e:\\CSC DevOps\\TestGeneration\\test.js","s":{"1":1,"2":1,"3":1,"4":1,"5":1,"6":1,"7":1,"8":1,"9":1,"10":1,"11":1,"12":1,"13":1,"14":1,"15":1,"16":1,"17":1,"18":1,"19":1,"20":1,"21":1,"22":1,"23":1,"24":1,"25":1,"26":1,"27":1,"28":1,"29":1,"30":1,"31":1,"32":1,"33":1,"34":1,"35":1,"36":1,"37":1,"38":1,"39":1,"40":1,"41":1,"42":1,"43":1,"44":1,"45":1,"46":1,"47":1,"48":1,"49":1},"b":{},"f":{},"fnMap":{},"statementMap":{"1":{"start":{"line":1,"column":0},"end":{"line":1,"column":37}},"2":{"start":{"line":2,"column":0},"end":{"line":2,"column":30}},"3":{"start":{"line":3,"column":0},"end":{"line":3,"column":18}},"4":{"start":{"line":4,"column":0},"end":{"line":4,"column":19}},"5":{"start":{"line":5,"column":0},"end":{"line":5,"column":26}},"6":{"start":{"line":6,"column":0},"end":{"line":6,"column":26}},"7":{"start":{"line":7,"column":0},"end":{"line":7,"column":25}},"8":{"start":{"line":8,"column":0},"end":{"line":8,"column":25}},"9":{"start":{"line":9,"column":0},"end":{"line":9,"column":26}},"10":{"start":{"line":10,"column":0},"end":{"line":10,"column":28}},"11":{"start":{"line":11,"column":0},"end":{"line":11,"column":29}},"12":{"start":{"line":12,"column":0},"end":{"line":12,"column":27}},"13":{"start":{"line":13,"column":0},"end":{"line":13,"column":27}},"14":{"start":{"line":14,"column":0},"end":{"line":14,"column":29}},"15":{"start":{"line":15,"column":0},"end":{"line":15,"column":37}},"16":{"start":{"line":16,"column":0},"end":{"line":16,"column":35}},"17":{"start":{"line":17,"column":0},"end":{"line":17,"column":29}},"18":{"start":{"line":18,"column":0},"end":{"line":18,"column":35}},"19":{"start":{"line":19,"column":0},"end":{"line":19,"column":35}},"20":{"start":{"line":20,"column":0},"end":{"line":20,"column":83}},"21":{"start":{"line":21,"column":1},"end":{"line":21,"column":57}},"22":{"start":{"line":22,"column":0},"end":{"line":22,"column":15}},"23":{"start":{"line":23,"column":0},"end":{"line":23,"column":68}},"24":{"start":{"line":24,"column":1},"end":{"line":24,"column":57}},"25":{"start":{"line":25,"column":0},"end":{"line":25,"column":15}},"26":{"start":{"line":26,"column":0},"end":{"line":26,"column":71}},"27":{"start":{"line":27,"column":1},"end":{"line":27,"column":57}},"28":{"start":{"line":28,"column":0},"end":{"line":28,"column":15}},"29":{"start":{"line":29,"column":0},"end":{"line":29,"column":47}},"30":{"start":{"line":30,"column":1},"end":{"line":30,"column":57}},"31":{"start":{"line":31,"column":0},"end":{"line":31,"column":15}},"32":{"start":{"line":32,"column":0},"end":{"line":32,"column":35}},"33":{"start":{"line":33,"column":1},"end":{"line":33,"column":57}},"34":{"start":{"line":34,"column":0},"end":{"line":34,"column":15}},"35":{"start":{"line":35,"column":0},"end":{"line":35,"column":44}},"36":{"start":{"line":36,"column":1},"end":{"line":36,"column":57}},"37":{"start":{"line":37,"column":0},"end":{"line":37,"column":15}},"38":{"start":{"line":38,"column":0},"end":{"line":38,"column":29}},"39":{"start":{"line":39,"column":1},"end":{"line":39,"column":57}},"40":{"start":{"line":40,"column":0},"end":{"line":40,"column":15}},"41":{"start":{"line":41,"column":0},"end":{"line":41,"column":9}},"42":{"start":{"line":42,"column":1},"end":{"line":42,"column":57}},"43":{"start":{"line":43,"column":0},"end":{"line":43,"column":15}},"44":{"start":{"line":44,"column":0},"end":{"line":44,"column":22}},"45":{"start":{"line":45,"column":0},"end":{"line":45,"column":43}},"46":{"start":{"line":46,"column":0},"end":{"line":46,"column":61}},"47":{"start":{"line":47,"column":0},"end":{"line":47,"column":47}},"48":{"start":{"line":48,"column":0},"end":{"line":48,"column":39}},"49":{"start":{"line":49,"column":0},"end":{"line":49,"column":47}}},"branchMap":{}},"e:\\CSC DevOps\\TestGeneration\\subject.js":{"path":"e:\\CSC DevOps\\TestGeneration\\subject.js","s":{"1":1,"2":1,"3":6,"4":4,"5":6,"6":1,"7":6,"8":1,"9":11,"10":1,"11":10,"12":4,"13":0,"14":4,"15":0,"16":6,"17":3,"18":8,"19":1,"20":8,"21":3,"22":5,"23":5,"24":2,"25":3,"26":2,"27":2,"28":1,"29":1,"30":1,"31":4,"32":1,"33":5,"34":3,"35":5,"36":67,"37":5,"38":1,"39":3,"40":3,"41":3,"42":1,"43":2,"44":1,"45":1,"46":1,"47":1,"48":1,"49":1},"b":{"1":[4,2],"2":[1,5],"3":[1,10],"4":[11,10],"5":[4,6],"6":[0,4],"7":[0,4],"8":[3,3],"9":[3,5],"10":[2,3],"11":[2,1],"12":[1,1],"13":[3,2],"14":[5,2],"15":[1,2]},"f":{"1":6,"2":11,"3":8,"4":4,"5":5,"6":3},"fnMap":{"1":{"name":"inc","line":3,"loc":{"start":{"line":3,"column":0},"end":{"line":3,"column":18}}},"2":{"name":"weird","line":12,"loc":{"start":{"line":12,"column":0},"end":{"line":13,"column":0}}},"3":{"name":"fileTest","line":40,"loc":{"start":{"line":40,"column":0},"end":{"line":41,"column":0}}},"4":{"name":"normalize","line":64,"loc":{"start":{"line":64,"column":0},"end":{"line":64,"column":32}}},"5":{"name":"format","line":73,"loc":{"start":{"line":73,"column":0},"end":{"line":74,"column":0}}},"6":{"name":"blackListNumber","line":88,"loc":{"start":{"line":88,"column":0},"end":{"line":89,"column":0}}}},"statementMap":{"1":{"start":{"line":1,"column":0},"end":{"line":1,"column":23}},"2":{"start":{"line":3,"column":0},"end":{"line":10,"column":1}},"3":{"start":{"line":4,"column":3},"end":{"line":4,"column":26}},"4":{"start":{"line":4,"column":21},"end":{"line":4,"column":26}},"5":{"start":{"line":5,"column":3},"end":{"line":8,"column":4}},"6":{"start":{"line":7,"column":4},"end":{"line":7,"column":11}},"7":{"start":{"line":9,"column":3},"end":{"line":9,"column":18}},"8":{"start":{"line":12,"column":0},"end":{"line":37,"column":1}},"9":{"start":{"line":14,"column":4},"end":{"line":35,"column":5}},"10":{"start":{"line":16,"column":8},"end":{"line":16,"column":15}},"11":{"start":{"line":18,"column":9},"end":{"line":35,"column":5}},"12":{"start":{"line":20,"column":8},"end":{"line":27,"column":9}},"13":{"start":{"line":22,"column":12},"end":{"line":22,"column":21}},"14":{"start":{"line":24,"column":13},"end":{"line":27,"column":9}},"15":{"start":{"line":26,"column":12},"end":{"line":26,"column":21}},"16":{"start":{"line":31,"column":8},"end":{"line":34,"column":9}},"17":{"start":{"line":33,"column":12},"end":{"line":33,"column":29}},"18":{"start":{"line":36,"column":4},"end":{"line":36,"column":13}},"19":{"start":{"line":40,"column":0},"end":{"line":62,"column":1}},"20":{"start":{"line":42,"column":1},"end":{"line":45,"column":5}},"21":{"start":{"line":44,"column":8},"end":{"line":44,"column":21}},"22":{"start":{"line":47,"column":4},"end":{"line":47,"column":36}},"23":{"start":{"line":48,"column":4},"end":{"line":51,"column":5}},"24":{"start":{"line":50,"column":8},"end":{"line":50,"column":21}},"25":{"start":{"line":53,"column":3},"end":{"line":61,"column":2}},"26":{"start":{"line":55,"column":2},"end":{"line":55,"column":46}},"27":{"start":{"line":56,"column":2},"end":{"line":59,"column":3}},"28":{"start":{"line":58,"column":3},"end":{"line":58,"column":15}},"29":{"start":{"line":60,"column":2},"end":{"line":60,"column":15}},"30":{"start":{"line":64,"column":0},"end":{"line":71,"column":1}},"31":{"start":{"line":66,"column":4},"end":{"line":69,"column":6}},"32":{"start":{"line":73,"column":0},"end":{"line":86,"column":1}},"33":{"start":{"line":76,"column":4},"end":{"line":78,"column":5}},"34":{"start":{"line":77,"column":6},"end":{"line":77,"column":42}},"35":{"start":{"line":80,"column":4},"end":{"line":82,"column":5}},"36":{"start":{"line":81,"column":6},"end":{"line":81,"column":63}},"37":{"start":{"line":84,"column":4},"end":{"line":84,"column":24}},"38":{"start":{"line":88,"column":0},"end":{"line":97,"column":1}},"39":{"start":{"line":90,"column":1},"end":{"line":90,"column":49}},"40":{"start":{"line":91,"column":1},"end":{"line":91,"column":31}},"41":{"start":{"line":92,"column":1},"end":{"line":95,"column":2}},"42":{"start":{"line":94,"column":2},"end":{"line":94,"column":14}},"43":{"start":{"line":96,"column":1},"end":{"line":96,"column":14}},"44":{"start":{"line":99,"column":0},"end":{"line":99,"column":28}},"45":{"start":{"line":100,"column":0},"end":{"line":100,"column":30}},"46":{"start":{"line":101,"column":0},"end":{"line":101,"column":24}},"47":{"start":{"line":102,"column":0},"end":{"line":102,"column":18}},"48":{"start":{"line":103,"column":0},"end":{"line":103,"column":22}},"49":{"start":{"line":104,"column":0},"end":{"line":104,"column":42}}},"branchMap":{"1":{"line":4,"type":"if","locations":[{"start":{"line":4,"column":3},"end":{"line":4,"column":3}},{"start":{"line":4,"column":3},"end":{"line":4,"column":3}}]},"2":{"line":5,"type":"if","locations":[{"start":{"line":5,"column":3},"end":{"line":5,"column":3}},{"start":{"line":5,"column":3},"end":{"line":5,"column":3}}]},"3":{"line":14,"type":"if","locations":[{"start":{"line":14,"column":4},"end":{"line":14,"column":4}},{"start":{"line":14,"column":4},"end":{"line":14,"column":4}}]},"4":{"line":14,"type":"binary-expr","locations":[{"start":{"line":14,"column":8},"end":{"line":14,"column":13}},{"start":{"line":14,"column":17},"end":{"line":14,"column":22}}]},"5":{"line":18,"type":"if","locations":[{"start":{"line":18,"column":9},"end":{"line":18,"column":9}},{"start":{"line":18,"column":9},"end":{"line":18,"column":9}}]},"6":{"line":20,"type":"if","locations":[{"start":{"line":20,"column":8},"end":{"line":20,"column":8}},{"start":{"line":20,"column":8},"end":{"line":20,"column":8}}]},"7":{"line":24,"type":"if","locations":[{"start":{"line":24,"column":13},"end":{"line":24,"column":13}},{"start":{"line":24,"column":13},"end":{"line":24,"column":13}}]},"8":{"line":31,"type":"if","locations":[{"start":{"line":31,"column":8},"end":{"line":31,"column":8}},{"start":{"line":31,"column":8},"end":{"line":31,"column":8}}]},"9":{"line":42,"type":"if","locations":[{"start":{"line":42,"column":1},"end":{"line":42,"column":1}},{"start":{"line":42,"column":1},"end":{"line":42,"column":1}}]},"10":{"line":48,"type":"if","locations":[{"start":{"line":48,"column":4},"end":{"line":48,"column":4}},{"start":{"line":48,"column":4},"end":{"line":48,"column":4}}]},"11":{"line":53,"type":"if","locations":[{"start":{"line":53,"column":3},"end":{"line":53,"column":3}},{"start":{"line":53,"column":3},"end":{"line":53,"column":3}}]},"12":{"line":56,"type":"if","locations":[{"start":{"line":56,"column":2},"end":{"line":56,"column":2}},{"start":{"line":56,"column":2},"end":{"line":56,"column":2}}]},"13":{"line":76,"type":"if","locations":[{"start":{"line":76,"column":4},"end":{"line":76,"column":4}},{"start":{"line":76,"column":4},"end":{"line":76,"column":4}}]},"14":{"line":76,"type":"binary-expr","locations":[{"start":{"line":76,"column":8},"end":{"line":76,"column":16}},{"start":{"line":76,"column":20},"end":{"line":76,"column":38}}]},"15":{"line":92,"type":"if","locations":[{"start":{"line":92,"column":1},"end":{"line":92,"column":1}},{"start":{"line":92,"column":1},"end":{"line":92,"column":1}}]}}}}